#
# There is insufficient memory for the Java Runtime Environment to continue.
# Native memory allocation (mmap) failed to map 1048576 bytes for G1 virtual space
# Possible reasons:
#   The system is out of physical RAM or swap space
#   The process is running with CompressedOops enabled, and the Java Heap may be blocking the growth of the native heap
# Possible solutions:
#   Reduce memory load on the system
#   Increase physical memory or swap space
#   Check if swap backing store is full
#   Decrease Java heap size (-Xmx/-Xms)
#   Decrease number of Java threads
#   Decrease Java thread stack sizes (-Xss)
#   Set larger code cache with -XX:ReservedCodeCacheSize=
#   JVM is running with Unscaled Compressed Oops mode in which the Java heap is
#     placed in the first 4GB address space. The Java Heap base address is the
#     maximum limit for the native heap growth. Please use -XX:HeapBaseMinAddress
#     to set the Java Heap base and to place the Java Heap above 4GB virtual address.
# This output file may be truncated or incomplete.
#
#  Out of Memory Error (os_windows.cpp:3535), pid=3192, tid=3056
#
# JRE version: OpenJDK Runtime Environment Temurin-17.0.3+7 (17.0.3+7) (build 17.0.3+7)
# Java VM: OpenJDK 64-Bit Server VM Temurin-17.0.3+7 (17.0.3+7, mixed mode, tiered, compressed oops, compressed class ptrs, g1 gc, windows-amd64)
# No core dump will be written. Minidumps are not enabled by default on client versions of Windows
#

---------------  S U M M A R Y ------------

Command Line: -ea --add-opens=JessicaLiGradeCalculator/basicjava=junit,ALL-UNNAMED --add-modules=ALL-MODULE-PATH -Dfile.encoding=UTF-8 --module-path=C:\Users\CS219-user\Jessica\CC_CodeRepos\eclipse-workspace\JessicaLiGradeCalculator\bin;C:\JavaFX\javafx-sdk-16\lib\javafx-swt.jar;C:\JavaFX\javafx-sdk-16\lib\javafx.base.jar;C:\JavaFX\javafx-sdk-16\lib\javafx.controls.jar;C:\JavaFX\javafx-sdk-16\lib\javafx.fxml.jar;C:\JavaFX\javafx-sdk-16\lib\javafx.graphics.jar;C:\JavaFX\javafx-sdk-16\lib\javafx.media.jar;C:\JavaFX\javafx-sdk-16\lib\javafx.swing.jar;C:\JavaFX\javafx-sdk-16\lib\javafx.web.jar;C:\Program Files\Eclipse\plugins\org.eclipse.fx.ide.css.jfx8_3.8.0.202204150904.jar;C:\Program Files\Eclipse\plugins\org.junit_4.13.2.v20211018-1956.jar;C:\Program Files\Eclipse\plugins\org.hamcrest.core_1.3.0.v20180420-1519.jar -XX:+ShowCodeDetailsInExceptionMessages org.eclipse.jdt.internal.junit.runner.RemoteTestRunner -version 3 -port 50090 -testLoaderClass org.eclipse.jdt.internal.junit4.runner.JUnit4TestLoader -loaderpluginname org.eclipse.jdt.junit4.runtime -classNames basicjava.FileExercisesTest

Host: Intel(R) Xeon(R) Platinum 8272CL CPU @ 2.60GHz, 2 cores, 3G,  Windows 11 , 64 bit Build 22000 (10.0.22000.1516)
Time: Sun Apr  9 09:57:58 2023 Coordinated Universal Time elapsed time: 16.766127 seconds (0d 0h 0m 16s)

---------------  T H R E A D  ---------------

Current thread (0x0000020322eafc20):  JavaThread "main" [_thread_in_vm, id=3056, stack(0x0000007529100000,0x0000007529200000)]

Stack: [0x0000007529100000,0x0000007529200000]
Native frames: (J=compiled Java code, j=interpreted, Vv=VM code, C=native code)
V  [jvm.dll+0x675efa]
V  [jvm.dll+0x830a24]
V  [jvm.dll+0x8321ce]
V  [jvm.dll+0x832833]
V  [jvm.dll+0x2454b5]
V  [jvm.dll+0x672de9]
V  [jvm.dll+0x667732]
V  [jvm.dll+0x3043ab]
V  [jvm.dll+0x30b8f6]
V  [jvm.dll+0x35b31b]
V  [jvm.dll+0x35b944]
V  [jvm.dll+0x35b4f6]
V  [jvm.dll+0x2db794]
V  [jvm.dll+0x2d77d6]
V  [jvm.dll+0x6092e3]
V  [jvm.dll+0x210185]
V  [jvm.dll+0x7faa56]
V  [jvm.dll+0x6d1c41]
C  0x000002032667022d

Java frames: (J=compiled Java code, j=interpreted, Vv=VM code)
v  ~RuntimeStub::_new_array_nozero_Java
J 719 c2 java.lang.AbstractStringBuilder.ensureCapacityInternal(I)V java.base@17.0.3 (39 bytes) @ 0x000002032e07340c [0x000002032e0730a0+0x000000000000036c]
J 952 c1 java.lang.AbstractStringBuilder.append([CII)Ljava/lang/AbstractStringBuilder; java.base@17.0.3 (33 bytes) @ 0x0000020326c89d8c [0x0000020326c89cc0+0x00000000000000cc]
J 951 c1 java.lang.StringBuilder.append([CII)Ljava/lang/StringBuilder; java.base@17.0.3 (10 bytes) @ 0x0000020326c8999c [0x0000020326c89920+0x000000000000007c]
J 911% c2 java.io.BufferedReader.readLine(Z[Z)Ljava/lang/String; java.base@17.0.3 (327 bytes) @ 0x000002032e086908 [0x000002032e086580+0x0000000000000388]
j  java.io.BufferedReader.readLine()Ljava/lang/String;+3 java.base@17.0.3
j  basicjava.FileExercisesTest.test_toUpper_EmptyFile()V+77 JessicaLiGradeCalculator
v  ~StubRoutines::call_stub
j  jdk.internal.reflect.NativeMethodAccessorImpl.invoke0(Ljava/lang/reflect/Method;Ljava/lang/Object;[Ljava/lang/Object;)Ljava/lang/Object;+0 java.base@17.0.3
j  jdk.internal.reflect.NativeMethodAccessorImpl.invoke(Ljava/lang/Object;[Ljava/lang/Object;)Ljava/lang/Object;+133 java.base@17.0.3
j  jdk.internal.reflect.DelegatingMethodAccessorImpl.invoke(Ljava/lang/Object;[Ljava/lang/Object;)Ljava/lang/Object;+6 java.base@17.0.3
j  java.lang.reflect.Method.invoke(Ljava/lang/Object;[Ljava/lang/Object;)Ljava/lang/Object;+59 java.base@17.0.3
j  org.junit.runners.model.FrameworkMethod$1.runReflectiveCall()Ljava/lang/Object;+15 junit@1956
j  org.junit.internal.runners.model.ReflectiveCallable.run()Ljava/lang/Object;+1 junit@1956
j  org.junit.runners.model.FrameworkMethod.invokeExplosively(Ljava/lang/Object;[Ljava/lang/Object;)Ljava/lang/Object;+10 junit@1956
j  org.junit.internal.runners.statements.InvokeMethod.evaluate()V+12 junit@1956
j  org.junit.runners.ParentRunner$3.evaluate()V+4 junit@1956
j  org.junit.runners.BlockJUnit4ClassRunner$1.evaluate()V+11 junit@1956
j  org.junit.runners.ParentRunner.runLeaf(Lorg/junit/runners/model/Statement;Lorg/junit/runner/Description;Lorg/junit/runner/notification/RunNotifier;)V+17 junit@1956
j  org.junit.runners.BlockJUnit4ClassRunner.runChild(Lorg/junit/runners/model/FrameworkMethod;Lorg/junit/runner/notification/RunNotifier;)V+38 junit@1956
j  org.junit.runners.BlockJUnit4ClassRunner.runChild(Ljava/lang/Object;Lorg/junit/runner/notification/RunNotifier;)V+6 junit@1956
j  org.junit.runners.ParentRunner$4.run()V+12 junit@1956
j  org.junit.runners.ParentRunner$1.schedule(Ljava/lang/Runnable;)V+1 junit@1956
j  org.junit.runners.ParentRunner.runChildren(Lorg/junit/runner/notification/RunNotifier;)V+44 junit@1956
j  org.junit.runners.ParentRunner.access$100(Lorg/junit/runners/ParentRunner;Lorg/junit/runner/notification/RunNotifier;)V+2 junit@1956
j  org.junit.runners.ParentRunner$2.evaluate()V+8 junit@1956
j  org.junit.runners.ParentRunner$3.evaluate()V+4 junit@1956
j  org.junit.runners.ParentRunner.run(Lorg/junit/runner/notification/RunNotifier;)V+24 junit@1956
j  org.eclipse.jdt.internal.junit4.runner.JUnit4TestReference.run(Lorg/eclipse/jdt/internal/junit/runner/TestExecution;)V+72
j  org.eclipse.jdt.internal.junit.runner.TestExecution.run([Lorg/eclipse/jdt/internal/junit/runner/ITestReference;)V+27
j  org.eclipse.jdt.internal.junit.runner.RemoteTestRunner.runTests([Ljava/lang/String;Ljava/lang/String;Lorg/eclipse/jdt/internal/junit/runner/TestExecution;)V+62
j  org.eclipse.jdt.internal.junit.runner.RemoteTestRunner.runTests(Lorg/eclipse/jdt/internal/junit/runner/TestExecution;)V+10
j  org.eclipse.jdt.internal.junit.runner.RemoteTestRunner.run()V+70
j  org.eclipse.jdt.internal.junit.runner.RemoteTestRunner.main([Ljava/lang/String;)V+14
v  ~StubRoutines::call_stub

---------------  P R O C E S S  ---------------

Threads class SMR info:
_java_thread_list=0x000002033aedca80, length=13, elements={
0x0000020322eafc20, 0x0000020339bdcda0, 0x0000020339bdde50, 0x0000020339bf6040,
0x0000020339bf6900, 0x0000020339bf72b0, 0x0000020339c3f3f0, 0x0000020339c40180,
0x0000020339c7a6b0, 0x0000020339c7cfd0, 0x0000020339b9c440, 0x000002033ac2f820,
0x000002033ae6a030
}

Java Threads: ( => current thread )
=>0x0000020322eafc20 JavaThread "main" [_thread_in_vm, id=3056, stack(0x0000007529100000,0x0000007529200000)]
  0x0000020339bdcda0 JavaThread "Reference Handler" daemon [_thread_blocked, id=8008, stack(0x0000007529800000,0x0000007529900000)]
  0x0000020339bdde50 JavaThread "Finalizer" daemon [_thread_blocked, id=6816, stack(0x0000007529900000,0x0000007529a00000)]
  0x0000020339bf6040 JavaThread "Signal Dispatcher" daemon [_thread_blocked, id=5128, stack(0x0000007529a00000,0x0000007529b00000)]
  0x0000020339bf6900 JavaThread "Attach Listener" daemon [_thread_blocked, id=6704, stack(0x0000007529b00000,0x0000007529c00000)]
  0x0000020339bf72b0 JavaThread "Service Thread" daemon [_thread_blocked, id=2816, stack(0x0000007529c00000,0x0000007529d00000)]
  0x0000020339c3f3f0 JavaThread "Monitor Deflation Thread" daemon [_thread_blocked, id=9276, stack(0x0000007529d00000,0x0000007529e00000)]
  0x0000020339c40180 JavaThread "C2 CompilerThread0" daemon [_thread_blocked, id=9860, stack(0x0000007529e00000,0x0000007529f00000)]
  0x0000020339c7a6b0 JavaThread "C1 CompilerThread0" daemon [_thread_blocked, id=1748, stack(0x0000007529f00000,0x000000752a000000)]
  0x0000020339c7cfd0 JavaThread "Sweeper thread" daemon [_thread_blocked, id=1580, stack(0x000000752a000000,0x000000752a100000)]
  0x0000020339b9c440 JavaThread "Common-Cleaner" daemon [_thread_blocked, id=7908, stack(0x000000752a100000,0x000000752a200000)]
  0x000002033ac2f820 JavaThread "Notification Thread" daemon [_thread_blocked, id=176, stack(0x000000752a300000,0x000000752a400000)]
  0x000002033ae6a030 JavaThread "ReaderThread" [_thread_in_native, id=5592, stack(0x000000752a500000,0x000000752a600000)]

Other Threads:
  0x0000020339bda760 VMThread "VM Thread" [stack: 0x0000007529700000,0x0000007529800000] [id=7588]
  0x000002033ac2fcf0 WatcherThread [stack: 0x000000752a400000,0x000000752a500000] [id=8244]
  0x0000020322eecec0 GCTaskThread "GC Thread#0" [stack: 0x0000007529200000,0x0000007529300000] [id=6288]
  0x000002033ab449a0 GCTaskThread "GC Thread#1" [stack: 0x000000752a200000,0x000000752a300000] [id=8712]
  0x0000020322ef6700 ConcurrentGCThread "G1 Main Marker" [stack: 0x0000007529300000,0x0000007529400000] [id=9636]
  0x0000020322efb280 ConcurrentGCThread "G1 Conc#0" [stack: 0x0000007529400000,0x0000007529500000] [id=5684]
  0x0000020322f3f640 ConcurrentGCThread "G1 Refine#0" [stack: 0x0000007529500000,0x0000007529600000] [id=1408]
  0x0000020322f40f10 ConcurrentGCThread "G1 Service" [stack: 0x0000007529600000,0x0000007529700000] [id=3896]

Threads with active compile tasks:

VM state: not at safepoint (normal execution)

VM Mutex/Monitor currently owned by a thread:  ([mutex/lock_event])
[0x0000020322eabb20] Heap_lock - owner thread: 0x0000020322eafc20

Heap address: 0x00000000c0000000, size: 1024 MB, Compressed Oops mode: 32-bit

CDS archive(s) not mapped
Compressed class space mapped at: 0x0000000100000000-0x0000000140000000, reserved size: 1073741824
Narrow klass base: 0x0000000000000000, Narrow klass shift: 3, Narrow klass range: 0x140000000

GC Precious Log:
 CPUs: 2 total, 2 available
 Memory: 4094M
 Large Page Support: Disabled
 NUMA Support: Disabled
 Compressed Oops: Enabled (32-bit)
 Heap Region Size: 1M
 Heap Min Capacity: 8M
 Heap Initial Capacity: 64M
 Heap Max Capacity: 1G
 Pre-touch: Disabled
 Parallel Workers: 2
 Concurrent Workers: 1
 Concurrent Refinement Workers: 2
 Periodic GC: Disabled

Heap:
 garbage-first heap   total 163840K, used 36593K [0x00000000c0000000, 0x0000000100000000)
  region size 1024K, 2 young (2048K), 2 survivors (2048K)
 Metaspace       used 11605K, committed 11712K, reserved 1064960K
  class space    used 1111K, committed 1152K, reserved 1048576K

Heap Regions: E=young(eden), S=young(survivor), O=old, HS=humongous(starts), HC=humongous(continues), CS=collection set, F=free, OA=open archive, CA=closed archive, TAMS=top-at-mark-start (previous, next)
|   0|0x00000000c0000000, 0x00000000c0100000, 0x00000000c0100000|100%| O|  |TAMS 0x00000000c0000000, 0x00000000c0100000| Untracked 
|   1|0x00000000c0100000, 0x00000000c0189c00, 0x00000000c0200000| 53%| O|  |TAMS 0x00000000c0100000, 0x00000000c0189c00| Untracked 
|   2|0x00000000c0200000, 0x00000000c0200000, 0x00000000c0300000|  0%| F|  |TAMS 0x00000000c0200000, 0x00000000c0200000| Untracked 
|   3|0x00000000c0300000, 0x00000000c0300000, 0x00000000c0400000|  0%| F|  |TAMS 0x00000000c0300000, 0x00000000c0300000| Untracked 
|   4|0x00000000c0400000, 0x00000000c0400000, 0x00000000c0500000|  0%| F|  |TAMS 0x00000000c0400000, 0x00000000c0400000| Untracked 
|   5|0x00000000c0500000, 0x00000000c0500000, 0x00000000c0600000|  0%| F|  |TAMS 0x00000000c0500000, 0x00000000c0500000| Untracked 
|   6|0x00000000c0600000, 0x00000000c0600000, 0x00000000c0700000|  0%| F|  |TAMS 0x00000000c0600000, 0x00000000c0600000| Untracked 
|   7|0x00000000c0700000, 0x00000000c0700000, 0x00000000c0800000|  0%| F|  |TAMS 0x00000000c0700000, 0x00000000c0700000| Untracked 
|   8|0x00000000c0800000, 0x00000000c0800000, 0x00000000c0900000|  0%| F|  |TAMS 0x00000000c0800000, 0x00000000c0800000| Untracked 
|   9|0x00000000c0900000, 0x00000000c0900000, 0x00000000c0a00000|  0%| F|  |TAMS 0x00000000c0900000, 0x00000000c0900000| Untracked 
|  10|0x00000000c0a00000, 0x00000000c0a00000, 0x00000000c0b00000|  0%| F|  |TAMS 0x00000000c0a00000, 0x00000000c0a00000| Untracked 
|  11|0x00000000c0b00000, 0x00000000c0b00000, 0x00000000c0c00000|  0%| F|  |TAMS 0x00000000c0b00000, 0x00000000c0b00000| Untracked 
|  12|0x00000000c0c00000, 0x00000000c0c00000, 0x00000000c0d00000|  0%| F|  |TAMS 0x00000000c0c00000, 0x00000000c0c00000| Untracked 
|  13|0x00000000c0d00000, 0x00000000c0d00000, 0x00000000c0e00000|  0%| F|  |TAMS 0x00000000c0d00000, 0x00000000c0d00000| Untracked 
|  14|0x00000000c0e00000, 0x00000000c0e00000, 0x00000000c0f00000|  0%| F|  |TAMS 0x00000000c0e00000, 0x00000000c0e00000| Untracked 
|  15|0x00000000c0f00000, 0x00000000c0f00000, 0x00000000c1000000|  0%| F|  |TAMS 0x00000000c0f00000, 0x00000000c0f00000| Untracked 
|  16|0x00000000c1000000, 0x00000000c1000000, 0x00000000c1100000|  0%| F|  |TAMS 0x00000000c1000000, 0x00000000c1000000| Untracked 
|  17|0x00000000c1100000, 0x00000000c1100000, 0x00000000c1200000|  0%| F|  |TAMS 0x00000000c1100000, 0x00000000c1100000| Untracked 
|  18|0x00000000c1200000, 0x00000000c1200000, 0x00000000c1300000|  0%| F|  |TAMS 0x00000000c1200000, 0x00000000c1200000| Untracked 
|  19|0x00000000c1300000, 0x00000000c1300000, 0x00000000c1400000|  0%| F|  |TAMS 0x00000000c1300000, 0x00000000c1300000| Untracked 
|  20|0x00000000c1400000, 0x00000000c1400000, 0x00000000c1500000|  0%| F|  |TAMS 0x00000000c1400000, 0x00000000c1400000| Untracked 
|  21|0x00000000c1500000, 0x00000000c1500000, 0x00000000c1600000|  0%| F|  |TAMS 0x00000000c1500000, 0x00000000c1500000| Untracked 
|  22|0x00000000c1600000, 0x00000000c1600000, 0x00000000c1700000|  0%| F|  |TAMS 0x00000000c1600000, 0x00000000c1600000| Untracked 
|  23|0x00000000c1700000, 0x00000000c1700000, 0x00000000c1800000|  0%| F|  |TAMS 0x00000000c1700000, 0x00000000c1700000| Untracked 
|  24|0x00000000c1800000, 0x00000000c1800000, 0x00000000c1900000|  0%| F|  |TAMS 0x00000000c1800000, 0x00000000c1800000| Untracked 
|  25|0x00000000c1900000, 0x00000000c1900000, 0x00000000c1a00000|  0%| F|  |TAMS 0x00000000c1900000, 0x00000000c1900000| Untracked 
|  26|0x00000000c1a00000, 0x00000000c1a00000, 0x00000000c1b00000|  0%| F|  |TAMS 0x00000000c1a00000, 0x00000000c1a00000| Untracked 
|  27|0x00000000c1b00000, 0x00000000c1b00000, 0x00000000c1c00000|  0%| F|  |TAMS 0x00000000c1b00000, 0x00000000c1b00000| Untracked 
|  28|0x00000000c1c00000, 0x00000000c1c00000, 0x00000000c1d00000|  0%| F|  |TAMS 0x00000000c1c00000, 0x00000000c1c00000| Untracked 
|  29|0x00000000c1d00000, 0x00000000c1d00000, 0x00000000c1e00000|  0%| F|  |TAMS 0x00000000c1d00000, 0x00000000c1d00000| Untracked 
|  30|0x00000000c1e00000, 0x00000000c1e00000, 0x00000000c1f00000|  0%| F|  |TAMS 0x00000000c1e00000, 0x00000000c1e00000| Untracked 
|  31|0x00000000c1f00000, 0x00000000c1f00000, 0x00000000c2000000|  0%| F|  |TAMS 0x00000000c1f00000, 0x00000000c1f00000| Untracked 
|  32|0x00000000c2000000, 0x00000000c2000000, 0x00000000c2100000|  0%| F|  |TAMS 0x00000000c2000000, 0x00000000c2000000| Untracked 
|  33|0x00000000c2100000, 0x00000000c2100000, 0x00000000c2200000|  0%| F|  |TAMS 0x00000000c2100000, 0x00000000c2100000| Untracked 
|  34|0x00000000c2200000, 0x00000000c2200000, 0x00000000c2300000|  0%| F|  |TAMS 0x00000000c2200000, 0x00000000c2200000| Untracked 
|  35|0x00000000c2300000, 0x00000000c2300000, 0x00000000c2400000|  0%| F|  |TAMS 0x00000000c2300000, 0x00000000c2300000| Untracked 
|  36|0x00000000c2400000, 0x00000000c2400000, 0x00000000c2500000|  0%| F|  |TAMS 0x00000000c2400000, 0x00000000c2400000| Untracked 
|  37|0x00000000c2500000, 0x00000000c2500000, 0x00000000c2600000|  0%| F|  |TAMS 0x00000000c2500000, 0x00000000c2500000| Untracked 
|  38|0x00000000c2600000, 0x00000000c2600000, 0x00000000c2700000|  0%| F|  |TAMS 0x00000000c2600000, 0x00000000c2600000| Untracked 
|  39|0x00000000c2700000, 0x00000000c2700000, 0x00000000c2800000|  0%| F|  |TAMS 0x00000000c2700000, 0x00000000c2700000| Untracked 
|  40|0x00000000c2800000, 0x00000000c2800000, 0x00000000c2900000|  0%| F|  |TAMS 0x00000000c2800000, 0x00000000c2800000| Untracked 
|  41|0x00000000c2900000, 0x00000000c2900000, 0x00000000c2a00000|  0%| F|  |TAMS 0x00000000c2900000, 0x00000000c2900000| Untracked 
|  42|0x00000000c2a00000, 0x00000000c2a00000, 0x00000000c2b00000|  0%| F|  |TAMS 0x00000000c2a00000, 0x00000000c2a00000| Untracked 
|  43|0x00000000c2b00000, 0x00000000c2b00000, 0x00000000c2c00000|  0%| F|  |TAMS 0x00000000c2b00000, 0x00000000c2b00000| Untracked 
|  44|0x00000000c2c00000, 0x00000000c2c00000, 0x00000000c2d00000|  0%| F|  |TAMS 0x00000000c2c00000, 0x00000000c2c00000| Untracked 
|  45|0x00000000c2d00000, 0x00000000c2d00000, 0x00000000c2e00000|  0%| F|  |TAMS 0x00000000c2d00000, 0x00000000c2d00000| Untracked 
|  46|0x00000000c2e00000, 0x00000000c2e00000, 0x00000000c2f00000|  0%| F|  |TAMS 0x00000000c2e00000, 0x00000000c2e00000| Untracked 
|  47|0x00000000c2f00000, 0x00000000c2f00000, 0x00000000c3000000|  0%| F|  |TAMS 0x00000000c2f00000, 0x00000000c2f00000| Untracked 
|  48|0x00000000c3000000, 0x00000000c3000000, 0x00000000c3100000|  0%| F|  |TAMS 0x00000000c3000000, 0x00000000c3000000| Untracked 
|  49|0x00000000c3100000, 0x00000000c3100000, 0x00000000c3200000|  0%| F|  |TAMS 0x00000000c3100000, 0x00000000c3100000| Untracked 
|  50|0x00000000c3200000, 0x00000000c3200000, 0x00000000c3300000|  0%| F|  |TAMS 0x00000000c3200000, 0x00000000c3200000| Untracked 
|  51|0x00000000c3300000, 0x00000000c3300000, 0x00000000c3400000|  0%| F|  |TAMS 0x00000000c3300000, 0x00000000c3300000| Untracked 
|  52|0x00000000c3400000, 0x00000000c3400000, 0x00000000c3500000|  0%| F|  |TAMS 0x00000000c3400000, 0x00000000c3400000| Untracked 
|  53|0x00000000c3500000, 0x00000000c3500000, 0x00000000c3600000|  0%| F|  |TAMS 0x00000000c3500000, 0x00000000c3500000| Untracked 
|  54|0x00000000c3600000, 0x00000000c3600000, 0x00000000c3700000|  0%| F|  |TAMS 0x00000000c3600000, 0x00000000c3600000| Untracked 
|  55|0x00000000c3700000, 0x00000000c3700000, 0x00000000c3800000|  0%| F|  |TAMS 0x00000000c3700000, 0x00000000c3700000| Untracked 
|  56|0x00000000c3800000, 0x00000000c3800000, 0x00000000c3900000|  0%| F|  |TAMS 0x00000000c3800000, 0x00000000c3800000| Untracked 
|  57|0x00000000c3900000, 0x00000000c3900000, 0x00000000c3a00000|  0%| F|  |TAMS 0x00000000c3900000, 0x00000000c3900000| Untracked 
|  58|0x00000000c3a00000, 0x00000000c3a32ba8, 0x00000000c3b00000| 19%| S|CS|TAMS 0x00000000c3a00000, 0x00000000c3a00000| Complete 
|  59|0x00000000c3b00000, 0x00000000c3c00000, 0x00000000c3c00000|100%| S|CS|TAMS 0x00000000c3b00000, 0x00000000c3b00000| Complete 
|  60|0x00000000c3c00000, 0x00000000c3c00000, 0x00000000c3d00000|  0%| F|  |TAMS 0x00000000c3c00000, 0x00000000c3c00000| Untracked 
|  61|0x00000000c3d00000, 0x00000000c3d00000, 0x00000000c3e00000|  0%| F|  |TAMS 0x00000000c3d00000, 0x00000000c3d00000| Untracked 
|  62|0x00000000c3e00000, 0x00000000c3e00000, 0x00000000c3f00000|  0%| F|  |TAMS 0x00000000c3e00000, 0x00000000c3e00000| Untracked 
|  63|0x00000000c3f00000, 0x00000000c4000000, 0x00000000c4000000|100%|HS|  |TAMS 0x00000000c3f00000, 0x00000000c4000000| Complete 
|  64|0x00000000c4000000, 0x00000000c4100000, 0x00000000c4100000|100%|HC|  |TAMS 0x00000000c4000000, 0x00000000c4100000| Complete 
|  65|0x00000000c4100000, 0x00000000c4200000, 0x00000000c4200000|100%|HC|  |TAMS 0x00000000c4100000, 0x00000000c4200000| Complete 
|  66|0x00000000c4200000, 0x00000000c4300000, 0x00000000c4300000|100%|HC|  |TAMS 0x00000000c4200000, 0x00000000c4300000| Complete 
|  67|0x00000000c4300000, 0x00000000c4400000, 0x00000000c4400000|100%|HC|  |TAMS 0x00000000c4300000, 0x00000000c4400000| Complete 
|  68|0x00000000c4400000, 0x00000000c4500000, 0x00000000c4500000|100%|HC|  |TAMS 0x00000000c4400000, 0x00000000c4500000| Complete 
|  69|0x00000000c4500000, 0x00000000c4600000, 0x00000000c4600000|100%|HC|  |TAMS 0x00000000c4500000, 0x00000000c4600000| Complete 
|  70|0x00000000c4600000, 0x00000000c4700000, 0x00000000c4700000|100%|HC|  |TAMS 0x00000000c4600000, 0x00000000c4700000| Complete 
|  71|0x00000000c4700000, 0x00000000c4800000, 0x00000000c4800000|100%|HC|  |TAMS 0x00000000c4700000, 0x00000000c4800000| Complete 
|  72|0x00000000c4800000, 0x00000000c4900000, 0x00000000c4900000|100%|HC|  |TAMS 0x00000000c4800000, 0x00000000c4900000| Complete 
|  73|0x00000000c4900000, 0x00000000c4a00000, 0x00000000c4a00000|100%|HC|  |TAMS 0x00000000c4900000, 0x00000000c4a00000| Complete 
|  74|0x00000000c4a00000, 0x00000000c4b00000, 0x00000000c4b00000|100%|HC|  |TAMS 0x00000000c4a00000, 0x00000000c4b00000| Complete 
|  75|0x00000000c4b00000, 0x00000000c4c00000, 0x00000000c4c00000|100%|HC|  |TAMS 0x00000000c4b00000, 0x00000000c4c00000| Complete 
|  76|0x00000000c4c00000, 0x00000000c4d00000, 0x00000000c4d00000|100%|HC|  |TAMS 0x00000000c4c00000, 0x00000000c4d00000| Complete 
|  77|0x00000000c4d00000, 0x00000000c4e00000, 0x00000000c4e00000|100%|HC|  |TAMS 0x00000000c4d00000, 0x00000000c4e00000| Complete 
|  78|0x00000000c4e00000, 0x00000000c4f00000, 0x00000000c4f00000|100%|HC|  |TAMS 0x00000000c4e00000, 0x00000000c4f00000| Complete 
|  79|0x00000000c4f00000, 0x00000000c5000000, 0x00000000c5000000|100%|HC|  |TAMS 0x00000000c4f00000, 0x00000000c5000000| Complete 
|  80|0x00000000c5000000, 0x00000000c5100000, 0x00000000c5100000|100%|HC|  |TAMS 0x00000000c5000000, 0x00000000c5100000| Complete 
|  81|0x00000000c5100000, 0x00000000c5200000, 0x00000000c5200000|100%|HC|  |TAMS 0x00000000c5100000, 0x00000000c5200000| Complete 
|  82|0x00000000c5200000, 0x00000000c5300000, 0x00000000c5300000|100%|HC|  |TAMS 0x00000000c5200000, 0x00000000c5300000| Complete 
|  83|0x00000000c5300000, 0x00000000c5400000, 0x00000000c5400000|100%|HC|  |TAMS 0x00000000c5300000, 0x00000000c5400000| Complete 
|  84|0x00000000c5400000, 0x00000000c5500000, 0x00000000c5500000|100%|HC|  |TAMS 0x00000000c5400000, 0x00000000c5500000| Complete 
|  85|0x00000000c5500000, 0x00000000c5600000, 0x00000000c5600000|100%|HC|  |TAMS 0x00000000c5500000, 0x00000000c5600000| Complete 
|  86|0x00000000c5600000, 0x00000000c5700000, 0x00000000c5700000|100%|HC|  |TAMS 0x00000000c5600000, 0x00000000c5700000| Complete 
|  87|0x00000000c5700000, 0x00000000c5800000, 0x00000000c5800000|100%|HC|  |TAMS 0x00000000c5700000, 0x00000000c5800000| Complete 
|  88|0x00000000c5800000, 0x00000000c5900000, 0x00000000c5900000|100%|HC|  |TAMS 0x00000000c5800000, 0x00000000c5900000| Complete 
|  89|0x00000000c5900000, 0x00000000c5a00000, 0x00000000c5a00000|100%|HC|  |TAMS 0x00000000c5900000, 0x00000000c5a00000| Complete 
|  90|0x00000000c5a00000, 0x00000000c5b00000, 0x00000000c5b00000|100%|HC|  |TAMS 0x00000000c5a00000, 0x00000000c5b00000| Complete 
|  91|0x00000000c5b00000, 0x00000000c5c00000, 0x00000000c5c00000|100%|HC|  |TAMS 0x00000000c5b00000, 0x00000000c5c00000| Complete 
|  92|0x00000000c5c00000, 0x00000000c5d00000, 0x00000000c5d00000|100%|HC|  |TAMS 0x00000000c5c00000, 0x00000000c5d00000| Complete 
|  93|0x00000000c5d00000, 0x00000000c5e00000, 0x00000000c5e00000|100%|HC|  |TAMS 0x00000000c5d00000, 0x00000000c5e00000| Complete 
|  94|0x00000000c5e00000, 0x00000000c5f00000, 0x00000000c5f00000|100%|HC|  |TAMS 0x00000000c5e00000, 0x00000000c5f00000| Complete 
|  95|0x00000000c5f00000, 0x00000000c6000000, 0x00000000c6000000|100%|HC|  |TAMS 0x00000000c5f00000, 0x00000000c6000000| Complete 
|  96|0x00000000c6000000, 0x00000000c6000000, 0x00000000c6100000|  0%| F|  |TAMS 0x00000000c6000000, 0x00000000c6000000| Untracked 
|  97|0x00000000c6100000, 0x00000000c6100000, 0x00000000c6200000|  0%| F|  |TAMS 0x00000000c6100000, 0x00000000c6100000| Untracked 
|  98|0x00000000c6200000, 0x00000000c6200000, 0x00000000c6300000|  0%| F|  |TAMS 0x00000000c6200000, 0x00000000c6200000| Untracked 
|  99|0x00000000c6300000, 0x00000000c6300000, 0x00000000c6400000|  0%| F|  |TAMS 0x00000000c6300000, 0x00000000c6300000| Untracked 
| 100|0x00000000c6400000, 0x00000000c6400000, 0x00000000c6500000|  0%| F|  |TAMS 0x00000000c6400000, 0x00000000c6400000| Untracked 
| 101|0x00000000c6500000, 0x00000000c6500000, 0x00000000c6600000|  0%| F|  |TAMS 0x00000000c6500000, 0x00000000c6500000| Untracked 
| 102|0x00000000c6600000, 0x00000000c6600000, 0x00000000c6700000|  0%| F|  |TAMS 0x00000000c6600000, 0x00000000c6600000| Untracked 
| 103|0x00000000c6700000, 0x00000000c6700000, 0x00000000c6800000|  0%| F|  |TAMS 0x00000000c6700000, 0x00000000c6700000| Untracked 
| 104|0x00000000c6800000, 0x00000000c6800000, 0x00000000c6900000|  0%| F|  |TAMS 0x00000000c6800000, 0x00000000c6800000| Untracked 
| 105|0x00000000c6900000, 0x00000000c6900000, 0x00000000c6a00000|  0%| F|  |TAMS 0x00000000c6900000, 0x00000000c6900000| Untracked 
| 106|0x00000000c6a00000, 0x00000000c6a00000, 0x00000000c6b00000|  0%| F|  |TAMS 0x00000000c6a00000, 0x00000000c6a00000| Untracked 
| 107|0x00000000c6b00000, 0x00000000c6b00000, 0x00000000c6c00000|  0%| F|  |TAMS 0x00000000c6b00000, 0x00000000c6b00000| Untracked 
| 108|0x00000000c6c00000, 0x00000000c6c00000, 0x00000000c6d00000|  0%| F|  |TAMS 0x00000000c6c00000, 0x00000000c6c00000| Untracked 
| 109|0x00000000c6d00000, 0x00000000c6d00000, 0x00000000c6e00000|  0%| F|  |TAMS 0x00000000c6d00000, 0x00000000c6d00000| Untracked 
| 110|0x00000000c6e00000, 0x00000000c6e00000, 0x00000000c6f00000|  0%| F|  |TAMS 0x00000000c6e00000, 0x00000000c6e00000| Untracked 
| 111|0x00000000c6f00000, 0x00000000c6f00000, 0x00000000c7000000|  0%| F|  |TAMS 0x00000000c6f00000, 0x00000000c6f00000| Untracked 
| 112|0x00000000c7000000, 0x00000000c7000000, 0x00000000c7100000|  0%| F|  |TAMS 0x00000000c7000000, 0x00000000c7000000| Untracked 
| 113|0x00000000c7100000, 0x00000000c7100000, 0x00000000c7200000|  0%| F|  |TAMS 0x00000000c7100000, 0x00000000c7100000| Untracked 
| 114|0x00000000c7200000, 0x00000000c7200000, 0x00000000c7300000|  0%| F|  |TAMS 0x00000000c7200000, 0x00000000c7200000| Untracked 
| 115|0x00000000c7300000, 0x00000000c7300000, 0x00000000c7400000|  0%| F|  |TAMS 0x00000000c7300000, 0x00000000c7300000| Untracked 
| 116|0x00000000c7400000, 0x00000000c7400000, 0x00000000c7500000|  0%| F|  |TAMS 0x00000000c7400000, 0x00000000c7400000| Untracked 
| 117|0x00000000c7500000, 0x00000000c7500000, 0x00000000c7600000|  0%| F|  |TAMS 0x00000000c7500000, 0x00000000c7500000| Untracked 
| 118|0x00000000c7600000, 0x00000000c7600000, 0x00000000c7700000|  0%| F|  |TAMS 0x00000000c7600000, 0x00000000c7600000| Untracked 
| 119|0x00000000c7700000, 0x00000000c7700000, 0x00000000c7800000|  0%| F|  |TAMS 0x00000000c7700000, 0x00000000c7700000| Untracked 
| 120|0x00000000c7800000, 0x00000000c7800000, 0x00000000c7900000|  0%| F|  |TAMS 0x00000000c7800000, 0x00000000c7800000| Untracked 
| 121|0x00000000c7900000, 0x00000000c7900000, 0x00000000c7a00000|  0%| F|  |TAMS 0x00000000c7900000, 0x00000000c7900000| Untracked 
| 122|0x00000000c7a00000, 0x00000000c7a00000, 0x00000000c7b00000|  0%| F|  |TAMS 0x00000000c7a00000, 0x00000000c7a00000| Untracked 
| 123|0x00000000c7b00000, 0x00000000c7b00000, 0x00000000c7c00000|  0%| F|  |TAMS 0x00000000c7b00000, 0x00000000c7b00000| Untracked 
| 124|0x00000000c7c00000, 0x00000000c7c00000, 0x00000000c7d00000|  0%| F|  |TAMS 0x00000000c7c00000, 0x00000000c7c00000| Untracked 
| 125|0x00000000c7d00000, 0x00000000c7d00000, 0x00000000c7e00000|  0%| F|  |TAMS 0x00000000c7d00000, 0x00000000c7d00000| Untracked 
| 126|0x00000000c7e00000, 0x00000000c7e00000, 0x00000000c7f00000|  0%| F|  |TAMS 0x00000000c7e00000, 0x00000000c7e00000| Untracked 
| 127|0x00000000c7f00000, 0x00000000c7f00000, 0x00000000c8000000|  0%| F|  |TAMS 0x00000000c7f00000, 0x00000000c7f00000| Untracked 
| 128|0x00000000c8000000, 0x00000000c8000000, 0x00000000c8100000|  0%| F|  |TAMS 0x00000000c8000000, 0x00000000c8000000| Untracked 
| 129|0x00000000c8100000, 0x00000000c8100000, 0x00000000c8200000|  0%| F|  |TAMS 0x00000000c8100000, 0x00000000c8100000| Untracked 
| 130|0x00000000c8200000, 0x00000000c8200000, 0x00000000c8300000|  0%| F|  |TAMS 0x00000000c8200000, 0x00000000c8200000| Untracked 
| 131|0x00000000c8300000, 0x00000000c8300000, 0x00000000c8400000|  0%| F|  |TAMS 0x00000000c8300000, 0x00000000c8300000| Untracked 
| 132|0x00000000c8400000, 0x00000000c8400000, 0x00000000c8500000|  0%| F|  |TAMS 0x00000000c8400000, 0x00000000c8400000| Untracked 
| 133|0x00000000c8500000, 0x00000000c8500000, 0x00000000c8600000|  0%| F|  |TAMS 0x00000000c8500000, 0x00000000c8500000| Untracked 
| 134|0x00000000c8600000, 0x00000000c8600000, 0x00000000c8700000|  0%| F|  |TAMS 0x00000000c8600000, 0x00000000c8600000| Untracked 
| 135|0x00000000c8700000, 0x00000000c8700000, 0x00000000c8800000|  0%| F|  |TAMS 0x00000000c8700000, 0x00000000c8700000| Untracked 
| 136|0x00000000c8800000, 0x00000000c8800000, 0x00000000c8900000|  0%| F|  |TAMS 0x00000000c8800000, 0x00000000c8800000| Untracked 
| 137|0x00000000c8900000, 0x00000000c8900000, 0x00000000c8a00000|  0%| F|  |TAMS 0x00000000c8900000, 0x00000000c8900000| Untracked 
| 138|0x00000000c8a00000, 0x00000000c8a00000, 0x00000000c8b00000|  0%| F|  |TAMS 0x00000000c8a00000, 0x00000000c8a00000| Untracked 
| 139|0x00000000c8b00000, 0x00000000c8b00000, 0x00000000c8c00000|  0%| F|  |TAMS 0x00000000c8b00000, 0x00000000c8b00000| Untracked 
| 140|0x00000000c8c00000, 0x00000000c8c00000, 0x00000000c8d00000|  0%| F|  |TAMS 0x00000000c8c00000, 0x00000000c8c00000| Untracked 
| 141|0x00000000c8d00000, 0x00000000c8d00000, 0x00000000c8e00000|  0%| F|  |TAMS 0x00000000c8d00000, 0x00000000c8d00000| Untracked 
| 142|0x00000000c8e00000, 0x00000000c8e00000, 0x00000000c8f00000|  0%| F|  |TAMS 0x00000000c8e00000, 0x00000000c8e00000| Untracked 
| 143|0x00000000c8f00000, 0x00000000c8f00000, 0x00000000c9000000|  0%| F|  |TAMS 0x00000000c8f00000, 0x00000000c8f00000| Untracked 
| 144|0x00000000c9000000, 0x00000000c9000000, 0x00000000c9100000|  0%| F|  |TAMS 0x00000000c9000000, 0x00000000c9000000| Untracked 
| 145|0x00000000c9100000, 0x00000000c9100000, 0x00000000c9200000|  0%| F|  |TAMS 0x00000000c9100000, 0x00000000c9100000| Untracked 
| 146|0x00000000c9200000, 0x00000000c9200000, 0x00000000c9300000|  0%| F|  |TAMS 0x00000000c9200000, 0x00000000c9200000| Untracked 
| 147|0x00000000c9300000, 0x00000000c9300000, 0x00000000c9400000|  0%| F|  |TAMS 0x00000000c9300000, 0x00000000c9300000| Untracked 
| 148|0x00000000c9400000, 0x00000000c9400000, 0x00000000c9500000|  0%| F|  |TAMS 0x00000000c9400000, 0x00000000c9400000| Untracked 
| 149|0x00000000c9500000, 0x00000000c9500000, 0x00000000c9600000|  0%| F|  |TAMS 0x00000000c9500000, 0x00000000c9500000| Untracked 
| 150|0x00000000c9600000, 0x00000000c9600000, 0x00000000c9700000|  0%| F|  |TAMS 0x00000000c9600000, 0x00000000c9600000| Untracked 
| 151|0x00000000c9700000, 0x00000000c9700000, 0x00000000c9800000|  0%| F|  |TAMS 0x00000000c9700000, 0x00000000c9700000| Untracked 
| 152|0x00000000c9800000, 0x00000000c9800000, 0x00000000c9900000|  0%| F|  |TAMS 0x00000000c9800000, 0x00000000c9800000| Untracked 
| 153|0x00000000c9900000, 0x00000000c9900000, 0x00000000c9a00000|  0%| F|  |TAMS 0x00000000c9900000, 0x00000000c9900000| Untracked 
| 154|0x00000000c9a00000, 0x00000000c9a00000, 0x00000000c9b00000|  0%| F|  |TAMS 0x00000000c9a00000, 0x00000000c9a00000| Untracked 
| 155|0x00000000c9b00000, 0x00000000c9b00000, 0x00000000c9c00000|  0%| F|  |TAMS 0x00000000c9b00000, 0x00000000c9b00000| Untracked 
| 156|0x00000000c9c00000, 0x00000000c9c00000, 0x00000000c9d00000|  0%| F|  |TAMS 0x00000000c9c00000, 0x00000000c9c00000| Untracked 
| 157|0x00000000c9d00000, 0x00000000c9d00000, 0x00000000c9e00000|  0%| F|  |TAMS 0x00000000c9d00000, 0x00000000c9d00000| Untracked 
| 158|0x00000000c9e00000, 0x00000000c9e00000, 0x00000000c9f00000|  0%| F|  |TAMS 0x00000000c9e00000, 0x00000000c9e00000| Untracked 
| 159|0x00000000c9f00000, 0x00000000c9f00000, 0x00000000ca000000|  0%| F|  |TAMS 0x00000000c9f00000, 0x00000000c9f00000| Untracked 

Card table byte_map: [0x0000020335570000,0x0000020335770000] _byte_map_base: 0x0000020334f70000

Marking Bits (Prev, Next): (CMBitMap*) 0x0000020322eed4d0, (CMBitMap*) 0x0000020322eed510
 Prev Bits: [0x0000020335970000, 0x0000020336970000)
 Next Bits: [0x0000020336970000, 0x0000020337970000)

Polling page: 0x0000020321050000

Metaspace:

Usage:
  Non-class:     10.25 MB used.
      Class:      1.09 MB used.
       Both:     11.33 MB used.

Virtual space:
  Non-class space:       16.00 MB reserved,      10.31 MB ( 64%) committed,  2 nodes.
      Class space:        1.00 GB reserved,       1.12 MB ( <1%) committed,  1 nodes.
             Both:        1.02 GB reserved,      11.44 MB (  1%) committed. 

Chunk freelists:
   Non-Class:  896.00 KB
       Class:  2.70 MB
        Both:  3.58 MB

MaxMetaspaceSize: unlimited
CompressedClassSpaceSize: 1.00 GB
Initial GC threshold: 21.00 MB
Current GC threshold: 21.00 MB
CDS: off
MetaspaceReclaimPolicy: balanced
 - commit_granule_bytes: 65536.
 - commit_granule_words: 8192.
 - virtual_space_node_default_size: 1048576.
 - enlarge_chunks_in_place: 1.
 - new_chunks_are_fully_committed: 0.
 - uncommit_free_chunks: 1.
 - use_allocation_guard: 0.
 - handle_deallocations: 1.


Internal statistics:

num_allocs_failed_limit: 0.
num_arena_births: 28.
num_arena_deaths: 0.
num_vsnodes_births: 3.
num_vsnodes_deaths: 0.
num_space_committed: 183.
num_space_uncommitted: 0.
num_chunks_returned_to_freelist: 0.
num_chunks_taken_from_freelist: 93.
num_chunk_merges: 0.
num_chunk_splits: 44.
num_chunks_enlarged: 27.
num_purges: 0.
num_inconsistent_stats: 0.

CodeHeap 'non-profiled nmethods': size=120064Kb used=368Kb max_used=368Kb free=119695Kb
 bounds [0x000002032e030000, 0x000002032e2a0000, 0x0000020335570000]
CodeHeap 'profiled nmethods': size=120000Kb used=1591Kb max_used=1591Kb free=118408Kb
 bounds [0x0000020326b00000, 0x0000020326d70000, 0x000002032e030000]
CodeHeap 'non-nmethods': size=5696Kb used=1152Kb max_used=1179Kb free=4543Kb
 bounds [0x0000020326570000, 0x00000203267e0000, 0x0000020326b00000]
 total_blobs=1394 nmethods=966 adapters=341
 compilation: enabled
              stopped_count=0, restarted_count=0
 full_count=0

Compilation events (20 events):
Event: 4.118 Thread 0x0000020339c7a6b0 nmethod 954 0x0000020326c8aa90 code [0x0000020326c8ac40, 0x0000020326c8adc8]
Event: 4.119 Thread 0x0000020339c7a6b0  955   !   3       sun.nio.cs.StreamDecoder::read (196 bytes)
Event: 4.120 Thread 0x0000020339c7a6b0 nmethod 955 0x0000020326c8ae90 code [0x0000020326c8b100, 0x0000020326c8bce8]
Event: 4.120 Thread 0x0000020339c7a6b0  956   !   3       sun.nio.cs.StreamDecoder::readBytes (271 bytes)
Event: 4.121 Thread 0x0000020339c7a6b0 nmethod 956 0x0000020326c8c210 code [0x0000020326c8c520, 0x0000020326c8d4c8]
Event: 4.280 Thread 0x0000020339c40180  957       4       java.nio.Buffer::position (52 bytes)
Event: 4.280 Thread 0x0000020339c40180 nmethod 957 0x000002032e088f10 code [0x000002032e089080, 0x000002032e089158]
Event: 6.422 Thread 0x0000020339c40180  958       4       java.nio.ByteBuffer::arrayOffset (35 bytes)
Event: 6.423 Thread 0x0000020339c40180 nmethod 958 0x000002032e089210 code [0x000002032e089380, 0x000002032e089438]
Event: 8.014 Thread 0x0000020339c40180  959       4       java.nio.ByteBuffer::position (8 bytes)
Event: 8.015 Thread 0x0000020339c40180 nmethod 959 0x000002032e089510 code [0x000002032e089680, 0x000002032e089758]
Event: 8.686 Thread 0x0000020339c40180  960       4       java.nio.CharBuffer::arrayOffset (35 bytes)
Event: 8.687 Thread 0x0000020339c40180 nmethod 960 0x000002032e089890 code [0x000002032e089a00, 0x000002032e089ab8]
Event: 12.427 Thread 0x0000020339c40180  961       4       java.nio.CharBuffer::position (6 bytes)
Event: 12.428 Thread 0x0000020339c40180 nmethod 961 0x000002032e089b90 code [0x000002032e089d00, 0x000002032e089dd8]
Event: 16.092 Thread 0x0000020339c40180  962       4       java.nio.Buffer::limit (65 bytes)
Event: 16.093 Thread 0x0000020339c40180 nmethod 962 0x000002032e089f10 code [0x000002032e08a080, 0x000002032e08a178]
Event: 16.102 Thread 0x0000020339c40180  963       4       java.nio.ByteBuffer::position (6 bytes)
Event: 16.104 Thread 0x0000020339c40180 nmethod 963 0x000002032e08a290 code [0x000002032e08a420, 0x000002032e08a518]
Event: 16.143 Thread 0x0000020339c40180  964       4       sun.nio.cs.UTF_8$Decoder::decodeArrayLoop (688 bytes)

GC Heap History (10 events):
Event: 0.302 GC heap before
{Heap before GC invocations=0 (full 0):
 garbage-first heap   total 65536K, used 6144K [0x00000000c0000000, 0x0000000100000000)
  region size 1024K, 6 young (6144K), 0 survivors (0K)
 Metaspace       used 6475K, committed 6592K, reserved 1056768K
  class space    used 570K, committed 576K, reserved 1048576K
}
Event: 0.304 GC heap after
{Heap after GC invocations=1 (full 0):
 garbage-first heap   total 65536K, used 736K [0x00000000c0000000, 0x0000000100000000)
  region size 1024K, 1 young (1024K), 1 survivors (1024K)
 Metaspace       used 6475K, committed 6592K, reserved 1056768K
  class space    used 570K, committed 576K, reserved 1048576K
}
Event: 0.914 GC heap before
{Heap before GC invocations=1 (full 0):
 garbage-first heap   total 65536K, used 6880K [0x00000000c0000000, 0x0000000100000000)
  region size 1024K, 8 young (8192K), 1 survivors (1024K)
 Metaspace       used 10647K, committed 10752K, reserved 1064960K
  class space    used 999K, committed 1024K, reserved 1048576K
}
Event: 0.927 GC heap after
{Heap after GC invocations=2 (full 0):
 garbage-first heap   total 65536K, used 2599K [0x00000000c0000000, 0x0000000100000000)
  region size 1024K, 1 young (1024K), 1 survivors (1024K)
 Metaspace       used 10647K, committed 10752K, reserved 1064960K
  class space    used 999K, committed 1024K, reserved 1048576K
}
Event: 6.277 GC heap before
{Heap before GC invocations=2 (full 0):
 garbage-first heap   total 65536K, used 25127K [0x00000000c0000000, 0x0000000100000000)
  region size 1024K, 4 young (4096K), 1 survivors (1024K)
 Metaspace       used 11605K, committed 11712K, reserved 1064960K
  class space    used 1111K, committed 1152K, reserved 1048576K
}
Event: 6.281 GC heap after
{Heap after GC invocations=3 (full 0):
 garbage-first heap   total 65536K, used 12009K [0x00000000c0000000, 0x0000000100000000)
  region size 1024K, 2 young (2048K), 2 survivors (2048K)
 Metaspace       used 11605K, committed 11712K, reserved 1064960K
  class space    used 1111K, committed 1152K, reserved 1048576K
}
Event: 14.168 GC heap before
{Heap before GC invocations=3 (full 0):
 garbage-first heap   total 65536K, used 29417K [0x00000000c0000000, 0x0000000100000000)
  region size 1024K, 3 young (3072K), 2 survivors (2048K)
 Metaspace       used 11605K, committed 11712K, reserved 1064960K
  class space    used 1111K, committed 1152K, reserved 1048576K
}
Event: 14.171 GC heap after
{Heap after GC invocations=4 (full 0):
 garbage-first heap   total 65536K, used 20301K [0x00000000c0000000, 0x0000000100000000)
  region size 1024K, 2 young (2048K), 2 survivors (2048K)
 Metaspace       used 11605K, committed 11712K, reserved 1064960K
  class space    used 1111K, committed 1152K, reserved 1048576K
}
Event: 16.567 GC heap before
{Heap before GC invocations=4 (full 0):
 garbage-first heap   total 98304K, used 54093K [0x00000000c0000000, 0x0000000100000000)
  region size 1024K, 3 young (3072K), 2 survivors (2048K)
 Metaspace       used 11605K, committed 11712K, reserved 1064960K
  class space    used 1111K, committed 1152K, reserved 1048576K
}
Event: 16.569 GC heap after
{Heap after GC invocations=5 (full 0):
 garbage-first heap   total 98304K, used 36593K [0x00000000c0000000, 0x0000000100000000)
  region size 1024K, 2 young (2048K), 2 survivors (2048K)
 Metaspace       used 11605K, committed 11712K, reserved 1064960K
  class space    used 1111K, committed 1152K, reserved 1048576K
}

Deoptimization events (20 events):
Event: 0.685 Thread 0x0000020322eafc20 Uncommon trap: trap_request=0xffffffde fr.pc=0x000002032e06a2c4 relative=0x0000000000000124
Event: 0.685 Thread 0x0000020322eafc20 Uncommon trap: reason=class_check action=maybe_recompile pc=0x000002032e06a2c4 method=jdk.internal.misc.Unsafe.allocateUninitializedArray(Ljava/lang/Class;I)Ljava/lang/Object; @ 51 c2
Event: 0.685 Thread 0x0000020322eafc20 DEOPT PACKING pc=0x000002032e06a2c4 sp=0x00000075291f9f80
Event: 0.685 Thread 0x0000020322eafc20 DEOPT UNPACKING pc=0x00000203265c5c23 sp=0x00000075291f9f20 mode 2
Event: 0.831 Thread 0x0000020322eafc20 DEOPT PACKING pc=0x0000020326c0356e sp=0x00000075291fd780
Event: 0.831 Thread 0x0000020322eafc20 DEOPT UNPACKING pc=0x00000203265c6763 sp=0x00000075291fcbd8 mode 0
Event: 1.020 Thread 0x0000020322eafc20 Uncommon trap: trap_request=0xffffffde fr.pc=0x000002032e06f608 relative=0x00000000000013e8
Event: 1.020 Thread 0x0000020322eafc20 Uncommon trap: reason=class_check action=maybe_recompile pc=0x000002032e06f608 method=java.util.HashMap.putVal(ILjava/lang/Object;Ljava/lang/Object;ZZ)Ljava/lang/Object; @ 253 c2
Event: 1.020 Thread 0x0000020322eafc20 DEOPT PACKING pc=0x000002032e06f608 sp=0x00000075291fe390
Event: 1.020 Thread 0x0000020322eafc20 DEOPT UNPACKING pc=0x00000203265c5c23 sp=0x00000075291fe330 mode 2
Event: 1.278 Thread 0x0000020322eafc20 Uncommon trap: trap_request=0xffffffc6 fr.pc=0x000002032e0763a4 relative=0x0000000000000464
Event: 1.278 Thread 0x0000020322eafc20 Uncommon trap: reason=bimorphic_or_optimized_type_check action=maybe_recompile pc=0x000002032e0763a4 method=java.util.HashMap.getNode(Ljava/lang/Object;)Ljava/util/HashMap$Node; @ 128 c2
Event: 1.278 Thread 0x0000020322eafc20 DEOPT PACKING pc=0x000002032e0763a4 sp=0x00000075291fe570
Event: 1.278 Thread 0x0000020322eafc20 DEOPT UNPACKING pc=0x00000203265c5c23 sp=0x00000075291fe488 mode 2
Event: 3.791 Thread 0x0000020322eafc20 DEOPT PACKING pc=0x0000020326bbc63e sp=0x00000075291fd6f0
Event: 3.791 Thread 0x0000020322eafc20 DEOPT UNPACKING pc=0x00000203265c6763 sp=0x00000075291fcb90 mode 0
Event: 3.906 Thread 0x0000020322eafc20 DEOPT PACKING pc=0x0000020326c6fb6f sp=0x00000075291fdc00
Event: 3.906 Thread 0x0000020322eafc20 DEOPT UNPACKING pc=0x00000203265c6763 sp=0x00000075291fd160 mode 0
Event: 3.949 Thread 0x0000020322eafc20 DEOPT PACKING pc=0x0000020326c73ccb sp=0x00000075291fdb00
Event: 3.949 Thread 0x0000020322eafc20 DEOPT UNPACKING pc=0x00000203265c6763 sp=0x00000075291fcfd0 mode 0

Classes unloaded (0 events):
No events

Classes redefined (0 events):
No events

Internal exceptions (11 events):
Event: 0.186 Thread 0x0000020322eafc20 Exception <a 'java/lang/NoSuchMethodError'{0x00000000c3e18a80}: 'void java.lang.invoke.DirectMethodHandle$Holder.invokeVirtual(java.lang.Object, java.lang.Object)'> (0x00000000c3e18a80) 
thrown [e:\jenkins\tmp\workspace\build\src\src\hotspot\share\interpreter\linkResolver.cpp, line 766]
Event: 0.343 Thread 0x0000020322eafc20 Exception <a 'java/lang/NoSuchMethodError'{0x00000000c3ffb518}: 'void java.lang.invoke.DirectMethodHandle$Holder.invokeStatic(java.lang.Object, java.lang.Object, java.lang.Object)'> (0x00000000c3ffb518) 
thrown [e:\jenkins\tmp\workspace\build\src\src\hotspot\share\interpreter\linkResolver.cpp, line 766]
Event: 0.389 Thread 0x0000020322eafc20 Exception <a 'java/lang/NoSuchMethodError'{0x00000000c3e0fb00}: 'void java.lang.invoke.DirectMethodHandle$Holder.invokeSpecial(java.lang.Object, java.lang.Object, java.lang.Object, java.lang.Object, java.lang.Object)'> (0x00000000c3e0fb00) 
thrown [e:\jenkins\tmp\workspace\build\src\src\hotspot\share\interpreter\linkResolver.cpp, line 766]
Event: 0.423 Thread 0x0000020322eafc20 Exception <a 'java/lang/NoSuchMethodError'{0x00000000c3e266a0}: 'java.lang.Object java.lang.invoke.DirectMethodHandle$Holder.invokeInterface(java.lang.Object, java.lang.Object)'> (0x00000000c3e266a0) 
thrown [e:\jenkins\tmp\workspace\build\src\src\hotspot\share\interpreter\linkResolver.cpp, line 766]
Event: 0.423 Thread 0x0000020322eafc20 Exception <a 'java/lang/IncompatibleClassChangeError'{0x00000000c3e29bf0}: Found class java.lang.Object, but interface was expected> (0x00000000c3e29bf0) 
thrown [e:\jenkins\tmp\workspace\build\src\src\hotspot\share\interpreter\linkResolver.cpp, line 833]
Event: 0.423 Thread 0x0000020322eafc20 Exception <a 'java/lang/NoSuchMethodError'{0x00000000c3e2ca40}: 'void java.lang.invoke.DirectMethodHandle$Holder.invokeStatic(java.lang.Object, java.lang.Object, java.lang.Object, java.lang.Object)'> (0x00000000c3e2ca40) 
thrown [e:\jenkins\tmp\workspace\build\src\src\hotspot\share\interpreter\linkResolver.cpp, line 766]
Event: 0.595 Thread 0x0000020322eafc20 Exception <a 'sun/nio/fs/WindowsException'{0x00000000c3c740a0}> (0x00000000c3c740a0) 
thrown [e:\jenkins\tmp\workspace\build\src\src\hotspot\share\prims\jni.cpp, line 516]
Event: 0.735 Thread 0x0000020322eafc20 Exception <a 'java/lang/NoSuchMethodError'{0x00000000c3aa9568}: 'java.lang.Object java.lang.invoke.DirectMethodHandle$Holder.invokeStaticInit(java.lang.Object)'> (0x00000000c3aa9568) 
thrown [e:\jenkins\tmp\workspace\build\src\src\hotspot\share\interpreter\linkResolver.cpp, line 766]
Event: 0.748 Thread 0x0000020322eafc20 Exception <a 'java/lang/NoSuchMethodError'{0x00000000c3ab5ef8}: 'void java.lang.invoke.DirectMethodHandle$Holder.invokeStatic(java.lang.Object, java.lang.Object)'> (0x00000000c3ab5ef8) 
thrown [e:\jenkins\tmp\workspace\build\src\src\hotspot\share\interpreter\linkResolver.cpp, line 766]
Event: 1.010 Thread 0x0000020322eafc20 Exception <a 'java/lang/IncompatibleClassChangeError'{0x00000000c3fb9668}: Found class java.lang.Object, but interface was expected> (0x00000000c3fb9668) 
thrown [e:\jenkins\tmp\workspace\build\src\src\hotspot\share\interpreter\linkResolver.cpp, line 833]
Event: 1.033 Thread 0x0000020322eafc20 Exception <a 'java/lang/NoSuchMethodError'{0x00000000c3e305c0}: 'java.lang.Object java.lang.invoke.DirectMethodHandle$Holder.newInvokeSpecial(java.lang.Object, java.lang.Object, java.lang.Object, java.lang.Object, java.lang.Object)'> (0x00000000c3e305c0) 
thrown [e:\jenkins\tmp\workspace\build\src\src\hotspot\share\interpreter\linkResolver.cpp, line 766]

VM Operations (20 events):
Event: 0.914 Executing VM operation: G1CollectForAllocation
Event: 0.927 Executing VM operation: G1CollectForAllocation done
Event: 1.936 Executing VM operation: Cleanup
Event: 1.937 Executing VM operation: Cleanup done
Event: 3.954 Executing VM operation: Cleanup
Event: 3.954 Executing VM operation: Cleanup done
Event: 4.957 Executing VM operation: Cleanup
Event: 4.957 Executing VM operation: Cleanup done
Event: 6.277 Executing VM operation: G1TryInitiateConcMark
Event: 6.281 Executing VM operation: G1TryInitiateConcMark done
Event: 8.285 Executing VM operation: Cleanup
Event: 8.286 Executing VM operation: Cleanup done
Event: 13.329 Executing VM operation: Cleanup
Event: 13.329 Executing VM operation: Cleanup done
Event: 14.168 Executing VM operation: G1TryInitiateConcMark
Event: 14.171 Executing VM operation: G1TryInitiateConcMark done
Event: 16.173 Executing VM operation: Cleanup
Event: 16.173 Executing VM operation: Cleanup done
Event: 16.567 Executing VM operation: G1TryInitiateConcMark
Event: 16.569 Executing VM operation: G1TryInitiateConcMark done

Events (20 events):
Event: 1.180 loading class java/io/ObjectOutputStream
Event: 1.180 loading class java/io/ObjectOutput
Event: 1.180 loading class java/io/ObjectOutput done
Event: 1.180 loading class java/io/ObjectStreamConstants
Event: 1.181 loading class java/io/ObjectStreamConstants done
Event: 1.181 loading class java/io/ObjectOutputStream done
Event: 1.181 loading class java/io/ObjectInputStream
Event: 1.181 loading class java/io/ObjectInput
Event: 1.181 loading class java/io/ObjectInput done
Event: 1.182 loading class java/io/ObjectInputStream done
Event: 1.182 loading class java/io/ObjectStreamClass$FieldReflectorKey
Event: 1.182 loading class java/io/ObjectStreamClass$FieldReflectorKey done
Event: 1.182 loading class java/io/ObjectStreamClass$FieldReflector
Event: 1.183 loading class java/io/ObjectStreamClass$FieldReflector done
Event: 1.206 loading class java/lang/reflect/InvocationTargetException
Event: 1.206 loading class java/lang/reflect/InvocationTargetException done
Event: 1.222 loading class java/io/FileOutputStream$1
Event: 1.222 loading class java/io/FileOutputStream$1 done
Event: 2.220 loading class java/io/Writer$1
Event: 2.220 loading class java/io/Writer$1 done


Dynamic libraries:
0x00007ff70d890000 - 0x00007ff70d89e000 	C:\Program Files\Eclipse\plugins\org.eclipse.justj.openjdk.hotspot.jre.full.win32.x86_64_17.0.3.v20220515-1416\jre\bin\javaw.exe
0x00007ff813700000 - 0x00007ff813909000 	C:\Windows\SYSTEM32\ntdll.dll
0x00007ff8128f0000 - 0x00007ff8129ae000 	C:\Windows\System32\KERNEL32.DLL
0x00007ff811030000 - 0x00007ff8113ac000 	C:\Windows\System32\KERNELBASE.dll
0x00007ff810c40000 - 0x00007ff810d51000 	C:\Windows\System32\ucrtbase.dll
0x00007fffdb220000 - 0x00007fffdb239000 	C:\Program Files\Eclipse\plugins\org.eclipse.justj.openjdk.hotspot.jre.full.win32.x86_64_17.0.3.v20220515-1416\jre\bin\VCRUNTIME140.dll
0x00007fffe0d20000 - 0x00007fffe0d38000 	C:\Program Files\Eclipse\plugins\org.eclipse.justj.openjdk.hotspot.jre.full.win32.x86_64_17.0.3.v20220515-1416\jre\bin\jli.dll
0x00007ff813320000 - 0x00007ff8134cd000 	C:\Windows\System32\USER32.dll
0x00007ff8113b0000 - 0x00007ff8113d6000 	C:\Windows\System32\win32u.dll
0x00007ff813510000 - 0x00007ff813539000 	C:\Windows\System32\GDI32.dll
0x00007ff811460000 - 0x00007ff811578000 	C:\Windows\System32\gdi32full.dll
0x00007ff810f90000 - 0x00007ff81102d000 	C:\Windows\System32\msvcp_win.dll
0x00007fffed4e0000 - 0x00007fffed785000 	C:\Windows\WinSxS\amd64_microsoft.windows.common-controls_6595b64144ccf1df_6.0.22000.120_none_9d947278b86cc467\COMCTL32.dll
0x00007ff811880000 - 0x00007ff811923000 	C:\Windows\System32\msvcrt.dll
0x00007ff8134d0000 - 0x00007ff813501000 	C:\Windows\System32\IMM32.DLL
0x00007fffdb210000 - 0x00007fffdb21c000 	C:\Program Files\Eclipse\plugins\org.eclipse.justj.openjdk.hotspot.jre.full.win32.x86_64_17.0.3.v20220515-1416\jre\bin\vcruntime140_1.dll
0x00007fffe0530000 - 0x00007fffe05c1000 	C:\Program Files\Eclipse\plugins\org.eclipse.justj.openjdk.hotspot.jre.full.win32.x86_64_17.0.3.v20220515-1416\jre\bin\msvcp140.dll
0x00007fffc1b80000 - 0x00007fffc27c8000 	C:\Program Files\Eclipse\plugins\org.eclipse.justj.openjdk.hotspot.jre.full.win32.x86_64_17.0.3.v20220515-1416\jre\bin\server\jvm.dll
0x00007ff812180000 - 0x00007ff81222e000 	C:\Windows\System32\ADVAPI32.dll
0x00007ff813140000 - 0x00007ff8131de000 	C:\Windows\System32\sechost.dll
0x00007ff8135a0000 - 0x00007ff8136c0000 	C:\Windows\System32\RPCRT4.dll
0x00007ff813050000 - 0x00007ff813058000 	C:\Windows\System32\PSAPI.DLL
0x00007fffdb240000 - 0x00007fffdb249000 	C:\Windows\SYSTEM32\WSOCK32.dll
0x00007ff812fe0000 - 0x00007ff81304f000 	C:\Windows\System32\WS2_32.dll
0x00007ff806150000 - 0x00007ff806183000 	C:\Windows\SYSTEM32\WINMM.dll
0x00007ff802420000 - 0x00007ff80242a000 	C:\Windows\SYSTEM32\VERSION.dll
0x00007ff80fc50000 - 0x00007ff80fc68000 	C:\Windows\SYSTEM32\kernel.appcore.dll
0x00007fffdb200000 - 0x00007fffdb20a000 	C:\Program Files\Eclipse\plugins\org.eclipse.justj.openjdk.hotspot.jre.full.win32.x86_64_17.0.3.v20220515-1416\jre\bin\jimage.dll
0x00007fffff820000 - 0x00007fffffa41000 	C:\Windows\SYSTEM32\DBGHELP.DLL
0x00007ff802860000 - 0x00007ff802891000 	C:\Windows\SYSTEM32\dbgcore.DLL
0x00007ff8113e0000 - 0x00007ff81145f000 	C:\Windows\System32\bcryptPrimitives.dll
0x00007fffc1b50000 - 0x00007fffc1b75000 	C:\Program Files\Eclipse\plugins\org.eclipse.justj.openjdk.hotspot.jre.full.win32.x86_64_17.0.3.v20220515-1416\jre\bin\java.dll
0x00007fffc1b30000 - 0x00007fffc1b48000 	C:\Program Files\Eclipse\plugins\org.eclipse.justj.openjdk.hotspot.jre.full.win32.x86_64_17.0.3.v20220515-1416\jre\bin\zip.dll
0x00007ff811930000 - 0x00007ff8120f5000 	C:\Windows\System32\SHELL32.dll
0x00007ff80ecc0000 - 0x00007ff80f525000 	C:\Windows\SYSTEM32\windows.storage.dll
0x00007ff8129b0000 - 0x00007ff812d26000 	C:\Windows\System32\combase.dll
0x00007ff80eb50000 - 0x00007ff80ecb6000 	C:\Windows\SYSTEM32\wintypes.dll
0x00007ff812ef0000 - 0x00007ff812fda000 	C:\Windows\System32\SHCORE.dll
0x00007ff813540000 - 0x00007ff81359d000 	C:\Windows\System32\shlwapi.dll
0x00007ff810b00000 - 0x00007ff810b21000 	C:\Windows\SYSTEM32\profapi.dll
0x00007fffc1a50000 - 0x00007fffc1a69000 	C:\Program Files\Eclipse\plugins\org.eclipse.justj.openjdk.hotspot.jre.full.win32.x86_64_17.0.3.v20220515-1416\jre\bin\net.dll
0x00007ff8094a0000 - 0x00007ff8095b2000 	C:\Windows\SYSTEM32\WINHTTP.dll
0x00007ff8100f0000 - 0x00007ff810157000 	C:\Windows\system32\mswsock.dll
0x00007fffc1a30000 - 0x00007fffc1a45000 	C:\Program Files\Eclipse\plugins\org.eclipse.justj.openjdk.hotspot.jre.full.win32.x86_64_17.0.3.v20220515-1416\jre\bin\nio.dll
0x00007ff80f770000 - 0x00007ff80f79d000 	C:\Windows\SYSTEM32\IPHLPAPI.DLL
0x00007ff811870000 - 0x00007ff811879000 	C:\Windows\System32\NSI.dll
0x00007ff809480000 - 0x00007ff809499000 	C:\Windows\SYSTEM32\dhcpcsvc6.DLL
0x00007ff8096c0000 - 0x00007ff8096de000 	C:\Windows\SYSTEM32\dhcpcsvc.DLL
0x00007ff80f7a0000 - 0x00007ff80f888000 	C:\Windows\SYSTEM32\DNSAPI.dll
0x00007ffff16a0000 - 0x00007ffff16b0000 	C:\Program Files\Eclipse\plugins\org.eclipse.justj.openjdk.hotspot.jre.full.win32.x86_64_17.0.3.v20220515-1416\jre\bin\verify.dll

dbghelp: loaded successfully - version: 4.0.5 - missing functions: none
symbol engine: initialized successfully - sym options: 0x614 - pdb path: .;C:\Program Files\Eclipse\plugins\org.eclipse.justj.openjdk.hotspot.jre.full.win32.x86_64_17.0.3.v20220515-1416\jre\bin;C:\Windows\SYSTEM32;C:\Windows\WinSxS\amd64_microsoft.windows.common-controls_6595b64144ccf1df_6.0.22000.120_none_9d947278b86cc467;C:\Program Files\Eclipse\plugins\org.eclipse.justj.openjdk.hotspot.jre.full.win32.x86_64_17.0.3.v20220515-1416\jre\bin\server

VM Arguments:
jvm_args: -ea --add-opens=JessicaLiGradeCalculator/basicjava=junit,ALL-UNNAMED --add-modules=ALL-MODULE-PATH -Dfile.encoding=UTF-8 --module-path=C:\Users\CS219-user\Jessica\CC_CodeRepos\eclipse-workspace\JessicaLiGradeCalculator\bin;C:\JavaFX\javafx-sdk-16\lib\javafx-swt.jar;C:\JavaFX\javafx-sdk-16\lib\javafx.base.jar;C:\JavaFX\javafx-sdk-16\lib\javafx.controls.jar;C:\JavaFX\javafx-sdk-16\lib\javafx.fxml.jar;C:\JavaFX\javafx-sdk-16\lib\javafx.graphics.jar;C:\JavaFX\javafx-sdk-16\lib\javafx.media.jar;C:\JavaFX\javafx-sdk-16\lib\javafx.swing.jar;C:\JavaFX\javafx-sdk-16\lib\javafx.web.jar;C:\Program Files\Eclipse\plugins\org.eclipse.fx.ide.css.jfx8_3.8.0.202204150904.jar;C:\Program Files\Eclipse\plugins\org.junit_4.13.2.v20211018-1956.jar;C:\Program Files\Eclipse\plugins\org.hamcrest.core_1.3.0.v20180420-1519.jar -XX:+ShowCodeDetailsInExceptionMessages 
java_command: org.eclipse.jdt.internal.junit.runner.RemoteTestRunner -version 3 -port 50090 -testLoaderClass org.eclipse.jdt.internal.junit4.runner.JUnit4TestLoader -loaderpluginname org.eclipse.jdt.junit4.runtime -classNames basicjava.FileExercisesTest
java_class_path (initial): C:\Users\CS219-user\.eclipse\org.eclipse.platform_4.24.0_920333535_win32_win32_x86_64\configuration\org.eclipse.osgi\213\0\.cp;C:\Users\CS219-user\.eclipse\org.eclipse.platform_4.24.0_920333535_win32_win32_x86_64\configuration\org.eclipse.osgi\212\0\.cp
Launcher Type: SUN_STANDARD

[Global flags]
     intx CICompilerCount                          = 2                                         {product} {ergonomic}
     uint ConcGCThreads                            = 1                                         {product} {ergonomic}
     uint G1ConcRefinementThreads                  = 2                                         {product} {ergonomic}
   size_t G1HeapRegionSize                         = 1048576                                   {product} {ergonomic}
    uintx GCDrainStackTargetSize                   = 64                                        {product} {ergonomic}
   size_t InitialHeapSize                          = 67108864                                  {product} {ergonomic}
   size_t MarkStackSize                            = 4194304                                   {product} {ergonomic}
   size_t MaxHeapSize                              = 1073741824                                {product} {ergonomic}
   size_t MaxNewSize                               = 643825664                                 {product} {ergonomic}
   size_t MinHeapDeltaBytes                        = 1048576                                   {product} {ergonomic}
   size_t MinHeapSize                              = 8388608                                   {product} {ergonomic}
    uintx NonNMethodCodeHeapSize                   = 5826188                                {pd product} {ergonomic}
    uintx NonProfiledCodeHeapSize                  = 122916026                              {pd product} {ergonomic}
    uintx ProfiledCodeHeapSize                     = 122916026                              {pd product} {ergonomic}
    uintx ReservedCodeCacheSize                    = 251658240                              {pd product} {ergonomic}
     bool SegmentedCodeCache                       = true                                      {product} {ergonomic}
     bool ShowCodeDetailsInExceptionMessages       = true                                   {manageable} {command line}
   size_t SoftMaxHeapSize                          = 1073741824                             {manageable} {ergonomic}
     bool UseCompressedClassPointers               = true                           {product lp64_product} {ergonomic}
     bool UseCompressedOops                        = true                           {product lp64_product} {ergonomic}
     bool UseG1GC                                  = true                                      {product} {ergonomic}
     bool UseLargePagesIndividualAllocation        = false                                  {pd product} {ergonomic}

Logging:
Log output configuration:
 #0: stdout all=warning uptime,level,tags
 #1: stderr all=off uptime,level,tags

Environment Variables:
PATH=C:/Program Files/eclipse//plugins/org.eclipse.justj.openjdk.hotspot.jre.full.win32.x86_64_17.0.3.v20220515-1416/jre/bin/server;C:/Program Files/eclipse//plugins/org.eclipse.justj.openjdk.hotspot.jre.full.win32.x86_64_17.0.3.v20220515-1416/jre/bin;C:\Program Files\Python311\Scripts\;C:\Program Files\Python311\;C:\Program Files\Common Files\Oracle\Java\javapath;C:\Windows\system32;C:\Windows;C:\Windows\System32\Wbem;C:\Windows\System32\WindowsPowerShell\v1.0\;C:\Windows\System32\OpenSSH\;C:\Users\CS219-user\AppData\Local\Microsoft\WindowsApps;;C:\Program Files\eclipse;
USERNAME=CS219-user
OS=Windows_NT
PROCESSOR_IDENTIFIER=Intel64 Family 6 Model 85 Stepping 7, GenuineIntel



---------------  S Y S T E M  ---------------

OS:
 Windows 11 , 64 bit Build 22000 (10.0.22000.1516)
OS uptime: 0 days 0:18 hours
Hyper-V virtualization detected

CPU: total 2 (initial active 2) (1 cores per cpu, 2 threads per core) family 6 model 85 stepping 7 microcode 0xffffffff, cx8, cmov, fxsr, ht, mmx, 3dnowpref, sse, sse2, sse3, ssse3, sse4.1, sse4.2, popcnt, lzcnt, tsc, avx, avx2, aes, erms, clmul, bmi1, bmi2, rtm, adx, avx512f, avx512dq, avx512cd, avx512bw, avx512vl, fma, vzeroupper, clflush, clflushopt, hv

Memory: 4k page, system-wide physical 4094M (409M free)
TotalPageFile size 6142M (AvailPageFile size 4M)
current process WorkingSet (physical memory assigned to process): 121M, peak: 121M
current process commit charge ("private bytes"): 237M, peak: 238M

vm_info: OpenJDK 64-Bit Server VM (17.0.3+7) for windows-amd64 JRE (17.0.3+7), built on Apr 19 2022 16:55:35 by "" with MS VC++ 16.7 (VS2019)

END.
